10255_txt_trade
10264_txt_trade
10310_txt_acq
10347_txt_trade
10398_txt_earn
10455_txt_trade
10608_txt_trade
10623_txt_trade
10642_txt_trade
10693_txt_crude
10779_txt_trade
10784_txt_acq
10905_txt_trade
11118_txt_crude
11324_txt_acq
11357_txt_trade
11498_txt_trade
11658_txt_trade
11831_txt_interest
11888_txt_acq
11891_txt_acq
1197_txt_trade
12073_txt_interest
12397_txt_earn
12457_txt_trade
12473_txt_trade
12609_txt_crude
12803_txt_crude
12848_txt_trade
13046_txt_trade
13236_txt_crude
13256_txt_crude
13263_txt_earn
13266_txt_crude
13649_txt_trade
1387_txt_crude
13908_txt_trade
13946_txt_trade
14220_txt_trade
144_txt_crude
14623_txt_acq
14739_txt_trade
14826_txt_trade
15154_txt_trade
15310_txt_interest
15352_txt_trade
15386_txt_trade
15447_txt_trade
15617_txt_interest
1588_txt_trade
15939_txt_crude
16075_txt_interest
16139_txt_trade
16206_txt_earn
16256_txt_trade
16257_txt_trade
16636_txt_crude
16658_txt_crude
16794_txt_trade
16856_txt_trade
1686_txt_crude
16926_txt_trade
16935_txt_trade
16957_txt_trade
16970_txt_trade
17023_txt_trade
17083_txt_trade
17236_txt_crude
17254_txt_crude
17256_txt_trade
17289_txt_crude
17298_txt_crude
17305_txt_trade
17329_txt_crude
17359_txt_crude
17405_txt_crude
17408_txt_crude
17419_txt_crude
17429_txt_crude
17433_txt_crude
17452_txt_trade
17593_txt_interest
1771_txt_acq
17929_txt_crude
17963_txt_crude
18085_txt_crude
18104_txt_trade
18148_txt_trade
1836_txt_acq
1839_txt_trade
18443_txt_trade
18472_txt_trade
19033_txt_trade
19163_txt_trade
19285_txt_crude
19546_txt_trade
1963_txt_trade
19658_txt_trade
19737_txt_acq
19912_txt_acq
19998_txt_crude
20008_txt_crude
20021_txt_interest
20137_txt_acq
20210_txt_acq
20270_txt_crude
20494_txt_earn
20778_txt_crude
20797_txt_acq
20865_txt_trade
20869_txt_crude
21131_txt_crude
21228_txt_acq
21260_txt_earn
21391_txt_trade
21408_txt_acq
2231_txt_crude
236_txt_crude
237_txt_crude
2417_txt_trade
246_txt_crude
248_txt_crude
2522_txt_crude
2546_txt_acq
2799_txt_acq
2838_txt_crude
2973_txt_crude
2998_txt_crude
3048_txt_crude
3192_txt_interest
3261_txt_acq
3269_txt_earn
3387_txt_acq
3455_txt_crude
3507_txt_crude
352_txt_crude
3534_txt_interest
353_txt_crude
3607_txt_acq
3711_txt_acq
3991_txt_acq
4055_txt_acq
4067_txt_earn
4127_txt_acq
4201_txt_acq
4246_txt_crude
4600_txt_crude
4604_txt_crude
4835_txt_trade
5071_txt_earn
5160_txt_trade
5167_txt_crude
5171_txt_crude
5235_txt_interest
5268_txt_crude
5273_txt_crude
5288_txt_trade
551_txt_acq
5667_txt_acq
5717_txt_trade
5750_txt_acq
5752_txt_trade
5908_txt_trade
5950_txt_earn
6125_txt_crude
6177_txt_crude
6208_txt_crude
6682_txt_acq
6716_txt_trade
6746_txt_crude
6866_txt_trade
6996_txt_crude
7011_txt_trade
704_txt_crude
718_txt_trade
7310_txt_interest
7632_txt_trade
7771_txt_trade
7802_txt_trade
8069_txt_crude
8080_txt_trade
8102_txt_trade
8106_txt_trade
8117_txt_crude
8131_txt_crude
8186_txt_trade
8198_txt_trade
8209_txt_crude
8240_txt_trade
8252_txt_trade
8592_txt_trade
8602_txt_trade
8606_txt_crude
8635_txt_trade
8637_txt_trade
8662_txt_trade
8663_txt_trade
8667_txt_trade
8747_txt_trade
894_txt_trade
9076_txt_trade
9181_txt_earn
925_txt_trade
9293_txt_crude
9415_txt_trade
9445_txt_crude
9712_txt_trade
9763_txt_trade
9777_txt_trade
9795_txt_trade
15
19
20
24
26
adopt
approach
baker
bank
banks
best
billion
budget
cable
capital
center
clearly
come
commenting
companies
confident
corp
countries
cut
cuts
debt
deficit
deficits
developing
dlr
doesnt
dont
downgrading
dtex
economic
efficiency
efficient
either
enough
equity
exposure
favors
federal
flows
free
front
gnp
going
good
got
government
heavy
help
holding
house
idea
im
impair
increase
instead
international
interview
investment
james
jim
largely
lending
loan
major
march
market
markets
money
moneyline
must
nation
nations
needed
networks
new
news
opposed
opposes
particularly
pct
policies
poors
president
program
proposed
questioned
quite
rate
reagan
reduce
reduction
reforms
regimes
required
reuter
said
secretary
see
six
speaker
special
spending
standard
states
stock
support
systems
take
tax
taxed
taxes
taxpayers
television
think
today
trade
traditionally
transactions
transfer
treasury
treasurys
unfortunate
united
us
way
will
world
wright
year
york
youre
youve
