<type 'dict'>
#yumminess from @amandadCLE @ West Side Market http://t.co/gPaVW5TTwX

<type 'dict'>
Posee devant #VTEP avec mon bb 

<type 'dict'>









<type 'dict'>
If Aaron Gordon turns into a scoring machine it's over.

<type 'dict'>
@tom_hogsten stfu

<type 'dict'>




<type 'dict'>
I'm at @Real_Plaza Salaverry w/ @ninobracho https://t.co/8s5OctocNi

<type 'dict'>
@YAKUZABOSS_ AAAH putain l je te jure j'ai eu peur !

<type 'dict'>
  (@ BarXat) http://t.co/MWLqSeO48k

<type 'dict'>
Lo unico que me poner contento y q me va a poner de buen humor es q lo voy a volver a ver a kiko

<type 'dict'>
@cherry_lambrini a great era to obsess over

<type 'dict'>
Comment je vais faire moi il me manque deja :-(

<type 'dict'>
@WelshGasDoc By a long chalk

<type 'dict'>
males kenal2an lg, males pacar2an lg, males males MALES ~

<type 'dict'>
aklmdasn diyen balklar, mrmsn diyen kelebekler grdm

<type 'dict'>
Sen birisiyle konuup mutlu eden birisi var peki ya ben ? Sadece severim sevdiimin beni beklemesini beklerim orospuluk yapmasn deil.

<type 'dict'>
Davulun sesi kardan ho gelir diye sylenen sz ok doru

<type 'dict'>
They're coming back soon. My first night out with them in 2001 was just as crazy but we all drank back then. The Islington years were nuts!

<type 'dict'>
               

<type 'dict'>
@vanmesquitareal Cresa, independente do que acontece.... 

<type 'dict'>
http://t.co/63RA29xAZx

<type 'dict'>
"@venustweets: baru nyadar pas ngeklik profilnya. hihihi. yaudah, maaf yak kalo ada salah2 kata :)))"..
Kasian mbok.. mental blm kuat ^_^

<type 'dict'>
@_riaaahhhh 

<type 'dict'>
Sou um doce de irm

<type 'dict'>
@Mevancho13 @MadisonnCarterr one day

<type 'dict'>
@grtdobiba sdv? responde pfvr? &lt;3

<type 'dict'>
@Albert__Clover pero que preciosos que soys 

<type 'dict'>
Kahramanmara' a geldik :) @ Kahramanmaras http://t.co/FkCS0HSJI3

<type 'dict'>
Me n u will never be serious if u ain't got good hair

<type 'dict'>
@altuwaim_s               

<type 'dict'>
La feriaaaa

<type 'dict'>
Menudo dia que llevo del sofa a la cama y de la cama al sofa

<type 'dict'>
Is it the evening yet???? Time to relax...read...and then get ready!

<type 'dict'>
@ValkavGaming Romanians easier than I thought!

<type 'dict'>
@Sufi014 haha .cerita mula-2 die not bad ar .byk jgakk org tuu cerita hari ni .

<type 'dict'>
Iyaa -_- "@Tweetnesian: Suka ngerasa kurang waktu tidur ?"

<type 'dict'>
Dios, bendcenos y cuida nuestro camino en este nuevo viaje que hoy empezamos; amn.

<type 'dict'>
Great catch by james jones

<type 'dict'>
Ngisi perut dulu rutt (at Nasi Jamblang Mamih Pitri) [pic]  https://t.co/4qIFO42ub3

<type 'dict'>
@33Monteiro sqnau

<type 'dict'>
@morgangundlach_ I got plans for you text me

<type 'dict'>
No esperes un arco iris si no lidias con la lluvia...
#BajoLaMismaEstrella

<type 'dict'>
Every thing in the dark comes to the light

<type 'dict'>
We got a lot of catching up to do when i get back

<type 'dict'>
 (  7  ) 

<type 'dict'>
#mare#pony#beautifuls @ Farm Horses, Kildare, Ireland http://t.co/53mSP9TLW6

<type 'dict'>
It has to be done, though, because public reaction matters a lot in the television industry.

<type 'dict'>
Does David Icke know? He must know, right?

<type 'dict'>
@metnsolak 
ES-SELAM ALEYKM
HAYIRLI, HUZURLU, NURLU AKAMLAR
RABBIM RAMAZANDA ORUCLARINIZI VE BADETLERNZ KABUL EYLESN
DUALE NALLAH

<type 'dict'>
@XOXOAVANNA you suck 

<type 'dict'>
Que conste que anglica me dijo que me iba a invitar a almorzar :-)

<type 'dict'>
It's tough to go out on a limb and reach out and then hear nothing back.

<type 'dict'>
Im trying to be positive.. Alhamdulilah . Allah show me evrything. 

<type 'dict'>
Buttermilk-Brined Fried Chicken @oliver_bonacini 
#Luma #Summerlicious #OBlicious #blogTOLicious @ Luma http://t.co/sdZWdXFdHV

<type 'dict'>
I'm at Club Icon w/ @shannlzx http://t.co/iaT8sZz4dC

<type 'dict'>
Bah li um tweet agora que fiquei triste

<type 'dict'>
 1-   2014,           .    :3

<type 'dict'>
will you be the loco ono to my raw charles

<type 'dict'>
@KianLawley @KianLawley Follow me please:)

<type 'dict'>
Nothing makes you wish your drunk at the bar quite like sweet Caroline coming on your playlist randomly

<type 'dict'>
Me bate uma saudade do bento em dana s vezes, que ba, vontade de viver de novo tudo isso

<type 'dict'>
Hari ini yg tanding siapa? Rame bgt di timeline. -..-

<type 'dict'>
@pol_fanfic *cmokneam twoje czoo*

<type 'dict'>
Gle karsi cay keyfiii :) (@ Kazak Gl w/ 11 others) http://t.co/DtGtKzDhfP

<type 'dict'>
jam 3 lain? "@Ryancoyan: Heup ah, belanda na maen"@fadhlanpratama1: maneh memang jago!! "@Ryancoyan: Oh nya apal, mnh teh nu di iklan

<type 'dict'>
@samarswagr  

<type 'dict'>
Drinking a Paulaner Salvator by Paulaner Gruppe @ Pit BBQ  http://t.co/wJYA9c8umB

<type 'dict'>
Ci siamo fatte delle fotone :3

<type 'dict'>
@HeyCutieSoyAlex @sidneygroff I miss you guys too! We will all be spending River Ruckus together!

<type 'dict'>
IM GONNA CLEAN MY ROOM AND WATCH SUPERNATURAL IM ALREADY HAPPY THINKIN BOUT IT

<type 'dict'>
Nanges :')) :'( .

<type 'dict'>
Jwu

<type 'dict'>
Falo  nada

<type 'dict'>







@KianLawley 

Please be my 2/6 ?
You're my everything








x  5

<type 'dict'>
@DorianSalome @velocast naught naughty

<type 'dict'>
Happy belated Fourth of July to all you sexy people out there  I love you

<type 'dict'>


<type 'dict'>
PC @gp_dgo el cuerpo fue rescatado a la altura de la colonia 11 Septiembre de #GomzPalacio. http://t.co/X4sT4HOug4

<type 'dict'>
Ew no that's weird to think about turning 18

<type 'dict'>
So excited for you little one @rebeccahutchin1 

<type 'dict'>
I'm at Al Tahlia Street |   (Jeddah, Makkah) w/ 13 others http://t.co/I9MHKIPRxz

<type 'dict'>
Yaaaoohuuuuu \m/

<type 'dict'>
@merkurijs es biei pats jtos, k mazs meksiku imigrats, kam jstrd tabakas lauk or shit

<type 'dict'>
I'm at Peaje de Naranjo (Naranjo, Alajuela) https://t.co/SoOYuYwB5A

<type 'dict'>
Life is too easy to get hurt and shit issm too easy to getout from ur butthole. Last tweet. K byee.hahaha

<type 'dict'>
I'm at Gl Bahe w/ @arzuakalan @bakarizz @cansudurmuus @erayaxoy http://t.co/I9IvyTk3HO

<type 'dict'>
Seeing some history today :) (@ Abraham Lincoln Library &amp; Museum) https://t.co/b20NjqYUsQ

<type 'dict'>
@AdeleScndr Ddicasse  David,  Corentin, aux bras de ouf et  la langue sensuelle!

<type 'dict'>
@Jeny_hermana20  ojala que vallais a Alicante  ya tu sabes jajaja te quiero hermana 20.

<type 'dict'>
Ralalalalah j ai faim

<type 'dict'>
@AlbinaRuban *

<type 'dict'>
@LordNaxyr I'm gonna like them less than I already do tho

<type 'dict'>
Le retour des 4 fantastiques en 2015 va tre explosif je garde un il dessus.

<type 'dict'>
http://t.co/Pnaif1jPHn

<type 'dict'>
#NuevoCoverDavidParejo reproducirlo todas las veces posibles daviders va vaa @DavidParejoSing

<type 'dict'>
.@esmeclk (@ Kahveci Hacbaba w/ 71 others) https://t.co/aOdbD2RX3C

<type 'dict'>
SALVI, MERECES MORRRRRRRIR.

<type 'dict'>
Dokumentren "Den gamle och Mahler" just nu p tvan r fantastisk. Sovjetiska minnen p hg niv.

<type 'dict'>
@Sinti_cat  ?))

<type 'dict'>
http://t.co/qJ6cCynAYz

<type 'dict'>
"@whyscaique: Voc Se Foi- Fly #PediuTocouRD #MeGCGN cinquenta e nove"

<type 'dict'>
@kittischnitti Respekt an dichdu bist so ein hbsches Mdchen und bringst mich immer zum lachen,selbst wenn ich lieber weinen wrdedanke!

<type 'dict'>
    ,  .

<type 'dict'>
I'm at @MarmaraForum (stanbul, Trkiye) w/ 165 others https://t.co/w1isqXEa4Y

<type 'dict'>
Un beso tuyo es como mi medicina. ..

<type 'dict'>
vai ser grosso com a puta que te pariu, ridculo

<type 'dict'>
Dame a min que hoxe vou ser a nica que vai con Holanda xd

<type 'dict'>
@JooanGarciaa estas tremendo xavalet

<type 'dict'>
THE TRANSFORMATION IN SAILOR MOON CRYSTAL IS UGLY AS FUCK.

<type 'dict'>
@wjohngalloway @velocast yup his type of course. Maybe even Froome.

<type 'dict'>
#kpsstarih ecdadimi sikeyim. istemiyorum lan tarih falan ogrenmek

<type 'dict'>
@Hannahxx2607 wey kau dah la . Nak tido atas lantai hahaha xD lol

<type 'dict'>
@LuaneteJL suhsushsush, fooofa 

<type 'dict'>
@MovidaPeloLanza A Proposta 

<type 'dict'>
sou mt ignorante c minha me kk

<type 'dict'>
if u haven't came out yet do it like this http://t.co/fpfWZilVZ0

<type 'dict'>
My family http://t.co/wZloOzMb9l

<type 'dict'>


<type 'dict'>
Santai (@ Dataran Bandaraya Ipoh) http://t.co/UsE2CQiSr8

<type 'dict'>
Aprendendo muito aqui no #phpspMaisTestFest e me divertindo muito. Quero fazer um evento igual pra comunidade .Net &lt;3

<type 'dict'>
@theblackmurse he actually said "that's biggie. He comes on the radio everyday. Every1 loves biggie." I was sorry to tell him I don't

<type 'dict'>


<type 'dict'>
@TellEmTinyy bitch wya

<type 'dict'>
Valla con la yazmin jiji

<type 'dict'>
@espanabebelopez ja gerne knnte mehr kme dann wie ein Schleimer rber :)

<type 'dict'>
What is a condom?

<type 'dict'>
ai ai viu

<type 'dict'>
seksilikte son noktaym  http://t.co/48SAiwtjOJ

<type 'dict'>
my sock line is bout to be scary @ Grandma Neta's House http://t.co/L6HWAzVyYO

<type 'dict'>
My been hurting for way to long I'm Finna shower and lay right down

<type 'dict'>
@CommonBlackGirI: I need one  http://t.co/dBrA1Bxl0U @CassidyWinfrey we need this 

<type 'dict'>
Voc da amor e em troca recebe despreso.

<type 'dict'>
@DESEhoesluvDESE does it really work

<type 'dict'>
@ramezshereen                  

<type 'dict'>
@Meltomon       .

<type 'dict'>
@Kaaaaai0322 

<type 'dict'>
I'm at Acar Park w/ @gamofido @umayalar @aycaakarabicak http://t.co/vCYFu4lI8z

<type 'dict'>
Al cumple!! 

<type 'dict'>
C'est meme pas la peine qu'il taper la discut

<type 'dict'>
Je pourrais en voler qd j'en ai envie de ces saloperies

<type 'dict'>
OMG! Can't wait to see @Nashgrier  new video with @camerondallas  and @jeromejarre . 

<type 'dict'>
@ayoTeeshh the one at wendell shit

<type 'dict'>
Luv this song

<type 'dict'>
@pontianakite #4katasaatputus hancur dompet abang dek~

<type 'dict'>
This old lass on tv saying she's got over 700 messages on fb from young lads everyday! I don't even get one 

<type 'dict'>
@Micamoyanob Gracias amor de mi vida. Hay mucha comida toda para vos jajaja

<type 'dict'>
Walmart Selfie Yesterday. http://t.co/On9VKSGqSE

<type 'dict'>
@Argentina l http://t.co/serasNNXcG" #Mundial2014

<type 'dict'>
Ya me mando mensajes #LoAmo

<type 'dict'>
Oses cocuklar sizin aklinizda varmi cocum orda adamgibi adam var mustaceli varken zorunuzne...

<type 'dict'>
Hay alguien que te ama y pase lo que pase no te quiere ver caer

<type 'dict'>
@sucesslblanco @QueenBlaanco Ok! haha!

<type 'dict'>
Just a farm kid being awkward in American Eagle and Buckle. Thank god I have a girl with me.

<type 'dict'>
@Dallas_B77 

<type 'dict'>
@KianLawley kian, its my birthday, be my 2/6? ilysm.. x

<type 'dict'>
@syamilmosh APA salah GMi ni

<type 'dict'>
Quiet. The neighbors are in Italy. (@ SW 15th Street) http://t.co/Bsd2lClk79

<type 'dict'>
@Dimamiii lol dont judge me! I had just left my room.. I had a long morning.

<type 'dict'>
Vacaciones putas.

<type 'dict'>
@KianLawley please follow me kian

<type 'dict'>
@BhibinoL on fais cmt tu vas prendre ou pas

<type 'dict'>
@dandre_phillips @king_lazi yep

<type 'dict'>
A cuntas guerras fue? Jajajaja RT "@CheTuit: #MamarrachoOnMode http://t.co/RTKmJ5D8Wb"

<type 'dict'>
@hutchison_ray77 good thing I don't care for those 

<type 'dict'>
Dani Alves' hair looks stupid. #BRA

<type 'dict'>
Reaching for the stars with a rocket in the backyard it's hard to keep a good girl not tryna play that card

<type 'dict'>
I'm just lame and lonely.

<type 'dict'>
@papubranca siempre tan difcil reconocer algo... Celebre amigo, y de pasadita, madure!

<type 'dict'>
"@titifernandez1: Gracias, gracias, gracias amigos, ustedes no le iban a fallar.  Nos vemos el 13 para dar la vuelta!!!!"

<type 'dict'>
...

<type 'dict'>
porm ainda tem uma semana de aula, escola mais podre

<type 'dict'>
https://t.co/F70RyEBDOe Sabella recorre todas las redes.

<type 'dict'>
Una soda pero bien stereo parfavaaaaar! #tributo #tributosodastereo #yieldbar #rock #sodastereo @ http://t.co/vqQhKQ55x7

<type 'dict'>
Looe hype http://t.co/5q8s3ar7R5

<type 'dict'>
Ngisup

<type 'dict'>
Vai Brasil, rumo ao #HexaproNeymar 
#ForzaNeymar #EiZunigaVaiTomarNoC

<type 'dict'>
@_Ellexa ah ouais ptin c'est le gros kiff a fait rver ! Tu t'es pris le bon filon avec le copain 

<type 'dict'>
Retrobades i records de joventut en la gala dels 25 anys de l'Associaci d'@EstudiantsLH. Aqu va comenar tot per a mi...

<type 'dict'>
Someone bring me pizza

<type 'dict'>
C'est tt le temps drle #CSTEP

<type 'dict'>
I'm at Vila Nova de Gaia (Distrito do Porto) w/ 2 others http://t.co/T6IaopiyRS

<type 'dict'>
Muy pronto con mi chiquita linda @CeciSandobal

<type 'dict'>
@OShaneReids and they're only bound to Jamaica, You don't see Jamaican journalists being given awards like journalist of the year

<type 'dict'>
Maldita sea no quiero estudiar

<type 'dict'>
I'm at  (Nakhon Pathom, Thailand) http://t.co/AMzCdinTJm

<type 'dict'>
Life is a beach and we're just playing in the sand!  #cavodavodka #cavodapink #cavodalife http://t.co/p6kX6rlTzc

<type 'dict'>
Nossa essa musica 

<type 'dict'>
@AyaaAbdr regarde y a crit qu'il y a les experts aprs VTPE http://t.co/vM8rOkwni0

<type 'dict'>
Me hablo y no pienso responderle

<type 'dict'>
#ootd #Abiball der kleinen Schwester!  @ Brse Coswig http://t.co/32uohU8sqh

<type 'dict'>
Feels good to relax today 

<type 'dict'>
Ga ngantuk ipii:((( "@Silvisetianaa: Tidur wey msh kelayapan aje lu "@faridamaliaa: Pengen tidur tapi tanggung ah bentar lagi saur(=|""

<type 'dict'>
@AlecNivard like me ?

<type 'dict'>
This lady at SAMs just annoyed tf outta meeee.

<type 'dict'>
to organizando as coisas aqui na igreja pra anoite 

<type 'dict'>
to indo no vale das videiras com a isa e os pais dela

<type 'dict'>
Drinking a Black IPA by @shipyardbrewing @ Edifcio Nova York  http://t.co/PonfZ15O5q #photo

<type 'dict'>
meu medo se vai, recupero a f e sinto que algum dia ainda vou te ver

<type 'dict'>
Je le sens mal...

<type 'dict'>
@souljaboy  whts up nigga

<type 'dict'>
@cristianeg54 beijos

<type 'dict'>
@thaisocaa  mesmo lindona kkkkkkk o.O

<type 'dict'>
@aledeleonc siii jajaja es que somos tan sexys u.u bueno as decan ellos JAJAJA okno.

<type 'dict'>
Buku boleh belacan boleh HAHAHA

<type 'dict'>
@desantyy gak tuuru meneh loken

<type 'dict'>
I will never understand why people make cars their profile picture.

<type 'dict'>
O Lus Carlos  o amor da minha vida!!! 

<type 'dict'>
"@DziyaaaCully: When Xie want go intown ? " noooo , when dziya want go in town

<type 'dict'>
   -      IMAX.  ,  3D    :) #Trip

<type 'dict'>
Enquanto nos brasileiros mostramos como se comportar na derrota, os colombianos acabam com o sonho de um jogador brasileiro. #ForcaNeymar

<type 'dict'>
I thought she was going to go into cardiac arrest

<type 'dict'>
@KianLawley your hair is just  http://t.co/92oqCxEqVy

<type 'dict'>
quiero tenerla aca conmigo

<type 'dict'>
UnliTUMS!!!  Kait's the best!!!  raytanch004  @ Gram's Diner http://t.co/fX06gC2Cby

<type 'dict'>
@AnaUrbinaV Feliz da #Rulosa pasala super ^-^

<type 'dict'>
I think...wait....I am........intoxicated

<type 'dict'>
# # # # # # @   http://t.co/m5SjMbyrGE

<type 'dict'>
A demain.. #dead

<type 'dict'>
#inonda  Giorgia Meloni sembra, a tratti, Leslie Caron.

<type 'dict'>
Esos besos lo qe me tienen loca...cuanto te amo Samu http://t.co/dSxr4T2FbL

<type 'dict'>
@VineFights: Thots be like......  http://t.co/jyCzQuRvyF 

<type 'dict'>
@MQParty #IAMPOWER1067 #IAMPOWER1067 #IAMPOWER1067 #IAMPOWER1067 #IAMPOWER1067 #IAMPOWER1067 #IAMPOWER1067 #IAMPOWER1067 #IAMPOWER1067

<type 'dict'>
I'm so tired of always being nice to people who treat me like shit. Im done

<type 'dict'>
 mail from the best friend is always a good thing! Only 2 more weeks! http://t.co/8TWNh1RsC9

<type 'dict'>
"Que lo mejor de mi pasado
ser lo mejor de tu futuro
que a m la vida me ha pagado
con pocos besos y http://t.co/ihf8dscSAr

<type 'dict'>
tivittrda doru dzgn kimseyle konuulmuyo ki amk

<type 'dict'>
r beroende av skjortor. Totalt 12 st med mig ner till Bosnien.

<type 'dict'>
@KianLawley Are you religious? Because you're the answer to all my prayers.

<type 'dict'>
 :       
 :            

<type 'dict'>
"@momentosjames: melhor momento da copa http://t.co/9K155jcbFU"

<type 'dict'>
@ehethera Welcome Aboard! Don't forget your free ringtone from my guitar on FB. It's LOUD...the way guitar should be!  ;)  Texas Style!

<type 'dict'>
@_skinnynikki Na lol

<type 'dict'>
I'm at Sahilevleri (zmir, Trkiye) w/ 44 others http://t.co/d0UKsFj5ji

<type 'dict'>
  ?    .       

<type 'dict'>
I'm an independent MC from Toronto dropping nothing but classics i can't wait till y'all hear "The Monk Vol.2" !!! #realhiphop

<type 'dict'>
After a gruelling 10 hour shift in work, both my sister &amp; my parents have abandoned me. THIS is why they should let me have a dog :(

<type 'dict'>
#8 http://t.co/vC9GfNchuP

<type 'dict'>
MAS GNT Q ICONE  ESSE DA MILEY

<type 'dict'>
  ) http://t.co/mCJC569kaD

<type 'dict'>
@JOvsZ girls love crafting

<type 'dict'>
T to feliz!!!

<type 'dict'>
Sos lo ms #Mascherano http://t.co/U49vW6Tdoe

<type 'dict'>
Necesito ir al acuarioooooo!

<type 'dict'>
Hay que ser REALISTA

<type 'dict'>
s/o to 8th grade me for setting my password on my laptop as one of my teacher's nicknames and forgetting it

<type 'dict'>
Sahur kejotkan ye ?

<type 'dict'>
Dodo et Pamela don't rentres.

<type 'dict'>
Success takes a while to achieve, always keep pushing.. even through the tough times.. bc they will come and test your commitment

<type 'dict'>
En ne oturma keyfff :D mahseri cumbus zaaaaa

<type 'dict'>
@ASAP_JoeyD: Whooo needss some cookies like cookie cookies or?

<type 'dict'>
me acabo de comer un plato de porotos en conserva y me siento transgenico :x si no es con cario de abuela los porotos no son lo mismo

<type 'dict'>
@danndizzle @arroyoalex23 

<type 'dict'>
@Kris10Guy Have a great weekend and a great week :-) God bless

<type 'dict'>
@Denise_Cortes JAJAJAJAJAJAJJAJA kisses from my house :* and cameron ahr
and justin 
bue
and messi 

<type 'dict'>
Que anden bien

<type 'dict'>
nada me entedia mais do que mercado.

<type 'dict'>
@manuels Du solltest genauere Angaben machen ;)

<type 'dict'>
@dliwski jak sie sprawa zakonczyla? Wymienili Maca?

<type 'dict'>
! ! http://t.co/VB12Mj6uFD

<type 'dict'>
Girl. I want that shit money can't buy

<type 'dict'>
Grandad has woken up and come to listen in

<type 'dict'>
Cheguei em casa. Q luuuua ta la fora. Seloco

<type 'dict'>
@_txru @TheSpaceCats me

<type 'dict'>
@AliciaGiovana neee ngm segura esse meninooo kkkkk

<type 'dict'>
8 akam sensiz; kald 21..... Ama sensizlik iyi geliyo valla :) http://t.co/WAWGH4yPr1

<type 'dict'>
lk mesaj atan kz mal deildir, onun deerini bilmiyosan sen malsn.

<type 'dict'>
@BootniFonzworth but the church is. And a lot of people from all backgrounds were like that, not just the Mormons.

<type 'dict'>
Baru saja mengirim foto @ STT Intim Makassar http://t.co/0eSq63MDbA

<type 'dict'>
  http://t.co/Yxa6rC1cgx

<type 'dict'>
@mitchgrassi Follow me please? :) 

<type 'dict'>
Kind if plain, sorry - Drinking a Red Streak by @virtuecider @ Tom's Oyster Bar   http://t.co/mdw2Bp2btg

<type 'dict'>
mal ok tatl http://t.co/gAQsVwHESO

<type 'dict'>
@AcaMandaTini @StoesselPanama nfdkjhk  las extrao che &lt;3

<type 'dict'>
@EvaGreenWeb happy birthday #EvaGreen . Your performance in penultimate episode of @SHO_Penny was astonishing !

<type 'dict'>
I'm at Cielo Bistro Bar (Balkesir, cunda adas) w/ 2 others http://t.co/UgoBesSvrP

<type 'dict'>
' programa em famlia (@ Tiet Plaza Shopping w/ 8 others) http://t.co/OxylJNL5O2

<type 'dict'>
@effYOURwords: If you didn't hear it out my mouth it ain't true 

<type 'dict'>
Braucam uz ballliii (@ Malpils w/ @ceruks1993 @ezitis_migla) http://t.co/MEn3Zfoql9 http://t.co/xNVflPl69a

<type 'dict'>
Et ma choute soit des RosheRun ou soit des Converse

<type 'dict'>
#CRC #CRC #CRC OE OE OE OE TICOS TICOS #SiSePuede #CostaRicaPuraVida

<type 'dict'>
Mau bangunin sahur atau mau bikin organ dangdut gilai bgt=))

<type 'dict'>
i do it real big, never do it tiny

<type 'dict'>
Cut off for the day

<type 'dict'>
Ya bisiktirgit nasil bi okul bitirdim ben http://t.co/nvch6VZgUy

<type 'dict'>
Lo ms bonito de los libros es que por ms que pase el tiempo, ellos siempre sern el refugio perfecto.

<type 'dict'>
@Team_Me20 stop playing so much 

<type 'dict'>
@danielrynelucio @WendyDavisTexas @leticiavdp I don't live in a trailer park so it is not likely they will come to my door.

<type 'dict'>
Fellaini kompany fln var knk :(

<type 'dict'>
Rasanya bilik ni ja yang cerah lagu time time niii,

<type 'dict'>
Sayang.. Mengapa buat begini. Di saat mata ku dah mengantuk.. np lagu jiwang #kakros

<type 'dict'>
@LeticiaClarindo Saudadessss ta demaais..

<type 'dict'>
"We were stuck down on Cicero Avenue..."
"Well shit how the hell did you end up down there?!"

<type 'dict'>
  http://t.co/bjhpspANsu @softbank_ichiro #SoftBank #au #docomo #kddi #Fukui # #PepperRobot @masason

<type 'dict'>
Love http://t.co/2dI2XynTl3

<type 'dict'>
Sola, previa en casa, EL SAAAABADO que se viene jJUJUJUJUJ

<type 'dict'>
.@bayanncooll,Harun (@ Baakehir Sular Vadisi w/ 5 others) https://t.co/g9xdVoT0YV

<type 'dict'>
@OliviaHamilton6 and she didn't answer for ten minutes is this a joke

<type 'dict'>
@saescamilla_ what's the name if that place

<type 'dict'>
We love keeping up with @WestLancsJambo and there amazing adventure to Japan in 2015! #lifechangingopportunity #jealous

<type 'dict'>
@Kev_lamb66 @TeddyUKIPClark @GEvans7777 @Jamin2g @will70204 @shirleykay11 Too much political interference with the NHS

<type 'dict'>
Alguien en dorrego?

<type 'dict'>
Missed the #ARGVSBEL match ahhhhhhhhhhhhhhh!!!

<type 'dict'>
Bsame, No queda nada que explicar 

<type 'dict'>
Lo bueno de aqu es que la piscina es 24 hrs 

<type 'dict'>
#killerheadache

<type 'dict'>
Aii qe enrrolaao ...pqp

<type 'dict'>
Josh gordon.....bruh wtf!

<type 'dict'>
Dont believe everything you're told unless you have seen it with your own eyes

<type 'dict'>
    )

<type 'dict'>
 (at Oline Bistro &amp; Cafe (Kemang Food Fest)) [pic]  https://t.co/ZU7Zye5gpL

<type 'dict'>
Despus capaz duerma, me duele un poco la cabeza :'(

<type 'dict'>
http://t.co/BninAx57TH

<type 'dict'>
@MilanaDyshewilo   ......)))))

<type 'dict'>
I'm at Palace Cafe, Restaurant &amp; Bowling - @palacemaltepe (stanbul) w/ 80 others http://t.co/XJLu8cJAcR

<type 'dict'>
Yo no puedo creer, que se haya tomado el tiempo de hacer eso.

<type 'dict'>
assistindo 'o quarto do pnico' e: kristen stewart e jared leto. ~emoji de coraozinho~

<type 'dict'>
@schum447 LOL ITS LIKE WE'RE TEXTING

<type 'dict'>
Yoooooo http://t.co/mMihiexobs

<type 'dict'>
Fin de temporada de la Asociacin Deportiva #CiudadJardn http://t.co/w61LW2yooC http://t.co/ufQTWgYct3

<type 'dict'>
#latergram The Embassy fucked me ln  @ The Embassy http://t.co/UkjtU4q54U

<type 'dict'>
@Refinery29: I went to a party where they didn't play Party in the USA. I felt so cheated I've been playing it on loop today. @KaraNaylon

<type 'dict'>
All you need is one smile , we will give you all night @dadalife  #onesmile #redrocks #lifechangin

<type 'dict'>
@Luke5SOS 

Luke Hemmings from 5SOS please follow me.

If you do I will rub my face in Nutella and stick on marshmallows.ILY14,681

<type 'dict'>
@ElsaChdn tu crois mal

<type 'dict'>
@RPPNoticias Tuberia rota en la Av. Salaverry con Av. Pershing. Esta inundando la Av. Salaverry; ocasiona trfico.

<type 'dict'>
The music from Wicked makes me feel like a kid again. Sounds like its from the mid '90s for real.

<type 'dict'>
@TheVampsBrad cos everyone's trying to be one

<type 'dict'>
We are proud !  @BelRedDevils #WorldCup2014 #BEL #Belgium #tousensemble #weareone #team

<type 'dict'>
Puteri tgh bersebelahan pun nak rindu ihiks. Manjewww cangat.

<type 'dict'>
 http://t.co/8G2NatN9gy

<type 'dict'>
"@_MissKaur: "Your hands fit in mine just like it was made for me" @jenwinget #KaranSinghGrover #KaJen  http://t.co/rEk7YmDDHa"

<type 'dict'>
Ben senu sevdugumi da dnyalara bildurdum

<type 'dict'>
Gente eu preciso fazer a sobrancelha c urgncia, n ta bonita Lara andando por ai c uma taturana na testa

<type 'dict'>
@rfischmann Boss, vendido.  s excluir l?

<type 'dict'>
I'm at Kirmanl's Home https://t.co/7U6u7kIfUI

<type 'dict'>
You know you love me, xoxo

<type 'dict'>
Road block depan JJ ipoh

<type 'dict'>
 

<type 'dict'>
@paynewhen no, no. minha amiga que 

<type 'dict'>
@chubbydolfins hii ily idol x5

<type 'dict'>
I'm at Bozkent http://t.co/D7vqS0aI6o

<type 'dict'>
Ojala se recupere rapido Angelito Di Maria mas que necesario para la seleccion

<type 'dict'>
@nataliyanyc permanent vacation.

<type 'dict'>
I know my boundaries

<type 'dict'>
It's the miles that make a man

<type 'dict'>
No puedo estar tan feliz vi el partido en LP con amigos q no vea hace mucho y ganamos.. Gracias argentina.. Vamos amigo @emmalopez90  vamos

<type 'dict'>
@shannonsadlerx I don't really know anyone going loll xx

<type 'dict'>
I do the best imitation of myself

<type 'dict'>
@kaylineee lol heyyyy boo 

<type 'dict'>
     2015        

<type 'dict'>
What happened to old dubstep :(

<type 'dict'>
 4  ,    -  http://t.co/Kl5zR2kNnv

<type 'dict'>
Vou na locadora

<type 'dict'>
Professora de metedologia perguntando no face pra quem torcer, quase que eu disse pra ela ir corrigir nossos textos pq quero saber minha not

<type 'dict'>
@IbrahimAloun       

<type 'dict'>
Bod Esponja.

<type 'dict'>
Ik zet al mijn hamsters in! #ah #hamsters #nedcos http://t.co/l38BqymcJ3

<type 'dict'>
Longe de casa, perto do mar... @ Saquarema Beach http://t.co/bvtrkVH8zr

<type 'dict'>
Pra no ficar atolada amanh

<type 'dict'>
I'm at inciralt sahil w/ 4 others http://t.co/Qf3FjUfK4s

<type 'dict'>
Can I just stay here for..ever? @ Ipenema Beach, Rio De Janiero http://t.co/Y3iYR93JwQ

<type 'dict'>
@quejasya en gorlero 35 la coca de 600 q sale 30, y 75 la tableta de garoto q en casa vale 50!

<type 'dict'>
@adhyta_putry hehehe ... kangen mami juga :*

<type 'dict'>
@MeteoraLPFOB    

<type 'dict'>
famo fazer drama famo

<type 'dict'>
too fuckin dank http://t.co/38rbUjDb4o

<type 'dict'>
#ThingsTimHowardCouldNotSave @JOSH_GORDONXII's NFL career

<type 'dict'>
@SportsCenter: THIS JUST IN: Browns WR Josh Gordon was arrested for DWI -- driving while impaired -- by Raleigh police. Stupid as fuck

<type 'dict'>
Full Time Merchandiser/Territory Service Representat... - Kellogg: (#Tallahassee, FL) http://t.co/wa0VXSp4ik #Sales #VeteranJob #Job

<type 'dict'>
I need to stop getting attached to people so fast, because attachments lead to expectations and expectations lead to disappointments.

<type 'dict'>
Igual me tengo que olvidar ella no es mas mia :(

<type 'dict'>
El gesto de David Luis jugador Brasileo en apoyo a James ya me hizo hincha de Brasil, que vaina no, el ftbol es jodido.

<type 'dict'>
I'm at Gzelyayla (Mersin) w/ 7 others https://t.co/sxshxJrLA5

<type 'dict'>
@prazermarok sim to virgem, quer me d?

<type 'dict'>
Say you hate drama queens like your friends but girl you the one with the crown on your head 

<type 'dict'>
Quote this with pictures of your pets 

<type 'dict'>
Hot tub? Yes please. @ The Residences http://t.co/EFvtpDheP9

<type 'dict'>
J'ai une vie de merde jusqu'au bout jvj

<type 'dict'>
Que se hace?  Lpm

<type 'dict'>
KKKKKKKKK

<type 'dict'>
A exprimir naranjas!! @castillodiego05 @dinorahwseq @cesaraws18 @castilloandres3 http://t.co/XoIjNFB40x

<type 'dict'>
#__
         
@shugairi

<type 'dict'>
Hawanya bikin emosi aja...#martabak_assen

<type 'dict'>
masquenada #Milano http://t.co/GwwAuYqxbo #iononmisposo #siamodeicretini #siamosobri http://t.co/8MiPH7f3Ch

<type 'dict'>
-Ee napyosun :) 
-Oturuyorum yle ite, sen :) 
-Aynen :) 

(Muhabbet sizlere mr.)

<type 'dict'>
@fpsnake I'm gonna put "taken" on mine. then people will wonder whether I'm talking about my relationship status or the Liam Neeson movie

<type 'dict'>
@megglees_ fancy hoe if nice weather and I mean Wednesday :L

<type 'dict'>
@Alexoyolss j perdi a pica...

<type 'dict'>
Rica ke rico ?? Ahh lantakk laa.. bukan penting ponn..

<type 'dict'>
I'm at Grup Cafe (Izmir, Trkiye) w/ 12 others https://t.co/yinmQ2d4wK

<type 'dict'>
To um lixo

<type 'dict'>
Insomnia (@ Kamar Lembu) http://t.co/BzoWTMk9Ws

<type 'dict'>
Hudson parade was a huge success. http://t.co/sy7wfOZltJ

<type 'dict'>
when I never write my memoir it will be called "baristas I have loved and left" 

<type 'dict'>
@HotFunnyWomen: We'd all love six hunnit and fiddy dollars. http://t.co/sHSKEf2j8I Haaaa

<type 'dict'>
Kahraman tazeolu geliyomu :) (@ Ramazan Soka w/ 8 others) http://t.co/O3A1mXEUuP

<type 'dict'>
Fucking hate that shitty little corner 

<type 'dict'>
\\ lol ur not @truman_black \\ @ Oasis Of The Seas http://t.co/CCGO58v6ZV

<type 'dict'>
@KiaraaAlejandra well I'm glad hope your doing good though still I'm Florida

<type 'dict'>
These Last Few Days Better Fly By I'll Feel So Much MFN Better When I'm On That Bus .

<type 'dict'>
@ysr_ysn @ArianaGrande

<type 'dict'>
Healthy Miles Austin would be grand for the Browns WR core

<type 'dict'>
ah vsf mano

<type 'dict'>
Last night's jazz. @ Columbia Station http://t.co/4kPCMRa63L

<type 'dict'>
http://t.co/GLjhEp0lWb

<type 'dict'>
J'ai mm pas envie de debattre a va m'nerver btement

<type 'dict'>
Voorbeschouwing #nedcos. Is #yourimulder nu al in de rouw. Iets meer #oranje staat niet verkeerd

<type 'dict'>
@ashhmayoo yeah sure ash you know damn straight if we was cool you wouldn't even be tweeting them

<type 'dict'>
So Austin caught me and @__lanakirsten  slippin the other night  http://t.co/zqXUp5y7Ay

<type 'dict'>
Je suis la seule  avoir t traumatise par le clip de Disturbia de Rihanna quand j'tais petite ?

<type 'dict'>
L'avant bouffe trop bien #abidjan

<type 'dict'>
No les ha pasado que estn bien y de un momento a otro les da un bajonazo?, QUE LINDO!.

<type 'dict'>
  ,    

<type 'dict'>
If you everrrr go to Kings Island  , get the FAST LANE PASSES 

<type 'dict'>
@SophieBunday my sister and her husband have just gone on a cruise that was where they flew to haha

<type 'dict'>
@mkadrey         ?)     )

<type 'dict'>
@taylorxlinam @wyattmikehunt okay come we shall carpool tonight  hahaha swing by and get me thanks

<type 'dict'>
Cookout food 

<type 'dict'>
Rabbim mekann cennet eylesin Canm Teyzem ... @ Sarikaya http://t.co/PLCrexZduu

<type 'dict'>
@greatbrit_ rave on the beach

<type 'dict'>
Day at the pool  http://t.co/h81FVlx2kp

<type 'dict'>
@ozcivitist kalbini ve ruyasini esirgeyenler utansin

<type 'dict'>
ela fica me encantando  cm aqueles olhares, aiai

<type 'dict'>
  @  http://t.co/eQwPJLvmy4

<type 'dict'>
Ayyyy that's me RT @Shakima_Lachell: The Virgin Islands was im there deep af! #V.IMassive  #JOUVERT2K14 http://t.co/1UhZywhnNn

<type 'dict'>
Dn bitti ay keyfi;) (@ Ta Kahve Cafe &amp; Restaurant w/ 7 others) http://t.co/CNWSGsdVjw

<type 'dict'>
Drinking a Pale Ale by @OmissionBeer @ The Greenbrier Golf Club  http://t.co/HBeZBOEaTw

<type 'dict'>
I want a pool. I want to swim. 

<type 'dict'>
Me duele dejarlo asi.

<type 'dict'>
"@Katyyperra7: No se por qu los hombres se ven mas atractivos con camisa negra o roja " Demasiadosss diviiiiiis

<type 'dict'>
Bo que hay para hacer hoy de noche no me quiero achacar

<type 'dict'>
Someone text me 

<type 'dict'>
@YogiDPramono uda kau tengok di youtube?

<type 'dict'>
JCFF  Te Regalo Los Pocos Dias Que Me Quedan A Tu Lado 

<type 'dict'>
,      &lt;33333

<type 'dict'>
I'm at Marco Pascha w/ @abeldek @ersinhamit @soysalmrt @burakatakul http://t.co/3Taj3qIpRI

<type 'dict'>
I'm at People's Cafe (San Francisco, CA) w/ 2 others http://t.co/J9eJRO4IzF

<type 'dict'>
soccer training later on but... i'm not looking forward for it idk why, sigh

<type 'dict'>
Sale bohemia o que ??? @Me_dicen_Miguel llamame!

<type 'dict'>
Essa ingesto  do kama sutra?? #caldeirao

<type 'dict'>
I'm at Janakovis Yard http://t.co/YPnrOXyMNx

<type 'dict'>
Holy Grail 

<type 'dict'>
@taylorrpaiiige http://t.co/uRs9pBroIJ

<type 'dict'>
@annareid_ @louisealexndra ah wouldny go :/

<type 'dict'>
@Sydnee_Ladd I am tho

<type 'dict'>
@nialsdemi romance, comdia romntica e as vezes vejo de terror e suspense e vc?

<type 'dict'>
"We are all scared of the unknown, so perhaps we should stop and listen" @Zak_Bagans http://t.co/iYIShg2T8u

<type 'dict'>
Tranquille il rentre de chez Kev  @YhannKossy http://t.co/uw2H3FBna1

<type 'dict'>
I feel saucy

<type 'dict'>
Tersenyum adalah cara terbaik untuk mengatasi situasi yang sulit, meskipun itu palsu

<type 'dict'>
Los partidos los tengo que ver solo, sin nadie, como mucho con mi papa.

<type 'dict'>
DOOOOOOOOWN

<type 'dict'>
My grandma said she rather buy me a guinea pig

<type 'dict'>
ODEIO esperar, e a minha me ta arrumando o cabelo

<type 'dict'>
@twluab :(

<type 'dict'>
I am on level 85 of TwoDots aka the last level aka bow down

<type 'dict'>
I'm at Ankara Bahelievler 7.Cadde w/ @onclburak http://t.co/npC8zayGxf

<type 'dict'>
Puedo llorar ?

<type 'dict'>
Sedih bgt sahur cuma sendirian hmm (at La Table Resto Ibis Hotel Solo)  https://t.co/iNZeWfbChO

<type 'dict'>
I can be on heck of a moody bitch

<type 'dict'>
BE YOURSELF! Because an original is worth more than a copy. #beyourself #original #selfie #lovelife http://t.co/LQfAe4nzJs

<type 'dict'>
Ultimo annuncio  LANCIA Phedra - 2004 http://t.co/VmqiU4Bov4 #annunci #umbria

<type 'dict'>
I hate when people text me hours 
Later tryina continue the convo .
Like no bitch, the feelin is gonee . 

<type 'dict'>
@ValeriyaMyagkov     ,   ,   ,      

<type 'dict'>
Nadie me da los buenos dias); 
 #PuesMeLeccionoComoNeymar

<type 'dict'>
Did that Lil Durk drop yet ?

<type 'dict'>
@AleVTZ Hacete un supositorio con el cartelito,boludooonn!

<type 'dict'>
ders almak yerine bo bele oyalanmalar falanlar filanlar  (@ Kaymak's Home) http://t.co/EolUc4nnn0

<type 'dict'>
Craaaaaaaaazy dance !

<type 'dict'>
I want sprite so bad. I'll probably go to McDonald's &amp; get some later.

<type 'dict'>
Lanchinho da tarde! Hmmm... (@ Po Dia Panificadora) https://t.co/mdnOsz4h6D

<type 'dict'>
3-0 skunk in the 32nd minute  http://t.co/wXPOPXVzOl

<type 'dict'>
@ItsMs_Natalie Hey you know if Peddie gotta work today?

<type 'dict'>
Trying to take a nap antes de la fiesta

<type 'dict'>
White dads are a unique breed of dog

<type 'dict'>
Feeling very bad for Belgium.. Expected Lukaku to b the hero of the match once again. Congrats to Argentina. #WorldCup2014 #ARGBEL

<type 'dict'>
@ohitsbrucewayne: I just wanna see all my niggas make it &amp; be happy

<type 'dict'>
Ttfu lastnight

<type 'dict'>
Wonder were we going tonightt :s

<type 'dict'>
Pues celos On

<type 'dict'>
Abi u rt hilesi yapmayn bee bktm salak salak insanlarn rt sini geri almaktan

<type 'dict'>
Purple haze.

<type 'dict'>
I'm at Sephora () (Pathum Wan, Bangkok) http://t.co/YVWW8iF26W

<type 'dict'>
@Lutfinna_ jungkir balik kek rifani dong;(

<type 'dict'>
Esse vei aqui n cala a boca

<type 'dict'>
My dad can't stop singing Fancy and Wiggle I CANT 

<type 'dict'>
Josh Gordon could be the best receiver in the league but he can't get off that shit. At least do it at home. I hope he goes broke.

<type 'dict'>
Nem cheguei em casa ainda ksskssk

<type 'dict'>
No:-)estoy:-)enojado:-)

<type 'dict'>
Tiffaine faut que je te dise un truc

<type 'dict'>
@brena_cole who they talking bout ?

<type 'dict'>
@ShaneofNeptune the first place we went when we woke up lol totally thought of you 

<type 'dict'>
@kingsley_nana yeah the #SetGoodLadies &amp; #TeamUnruly are rolling 

<type 'dict'>
@doIphinz REPLY TO MY COMMENT ON iG!

<type 'dict'>
Team darkskinnnn 

<type 'dict'>
S MAIS 9 DIAS DE FRIAS O VIDA CRUEL

<type 'dict'>
Come on lads! http://t.co/JrIrm2Oh7C

<type 'dict'>
Tardee por malaga con la familii

<type 'dict'>
EU VOU MATAR A THAMIRES, ELA S PODE T BRINCANDO COMIGO

<type 'dict'>
Magic mike

<type 'dict'>
@teguhpratama12 iseng hehe, nggu sahur gw baru balik gawe

<type 'dict'>
I HATE 2048 

<type 'dict'>
#creepy #mexican #puppet #shopping #mexico @ Centro Miguel Aleman http://t.co/J7SNzbhqoW

<type 'dict'>
Tm gn mesaj bekledim de ve o sana inanmasn

<type 'dict'>
my brother just looked at a calum pic and was like ''who's that asian guy on your laptop?''

<type 'dict'>
Evan's the clutchest man on earth

<type 'dict'>
Brewed in Milwaukee....for people who like beer. - Drinking a Wisconsinite @ West Lawn (Chicago) - http://t.co/ATkOsyhdsY #photo

<type 'dict'>
Standard bryllup. Gt en landsdel. @ Hotel Amerika http://t.co/NIZnHQpRCB

<type 'dict'>
KIAN PLEASE BE MY 3/6



ILYSFM BABE



@kianlawley



x48

<type 'dict'>
Que coa tienes Argentina http://t.co/eyIpaYdqZo

<type 'dict'>
Why must the hottest boys in Greece all work at restaurants

<type 'dict'>
@galletitalira muy linda

<type 'dict'>
can't believe id never had gravy from KFC till now 

<type 'dict'>
@Gaetan_Mad_Dog Tu vie toi en smoment hein

<type 'dict'>
Le gardien de CFA 2 jlai crever haha el diaaablo

<type 'dict'>
@GagasanManik_ betol! Brazil gak ke nih bang?

<type 'dict'>
Para que les voy a mentir, yo si vuelvo a beber!

<type 'dict'>
Im really bout to try yoga with my sister. Lol

<type 'dict'>
   ,     

<type 'dict'>
@Rakel772Raquel xxxxx

<type 'dict'>
@ImThatDudeDrew follow back ? 

<type 'dict'>
 http://t.co/AHVFpmUrVu

<type 'dict'>
#NED 

<type 'dict'>
Dabs are very cool

<type 'dict'>
@milan_pearce Yessssssss

<type 'dict'>
@TrillA5Fuck that's the American way motherfucker #baldeagleemoji

<type 'dict'>
New York, New York was just playing by the pool as we were leaving our villa lol

<type 'dict'>
Let me clock in . 

<type 'dict'>
Belanda 2-0 Kosta Rika @GOAL_ID #KuisGoal

<type 'dict'>
istatus do momento esperando pelo depoimento do neymar

<type 'dict'>
@Katyyperra7: No se por qu los hombres se ven mas atractivos con camisa negra o roja 

<type 'dict'>
Y a que moi pour me faire 2h de sieste a une heure pareil 
Gnie Elea gnie

<type 'dict'>
@hellasf1 @OlgaP14        &amp;       !     ...

<type 'dict'>
@felipeklock eu ia botar ai exclui kkkk pizadinhaaa

<type 'dict'>
homem merece um trofu por aguentar mulher mesmo viu, acabei de crer

<type 'dict'>
  @ EATMEAT http://t.co/C5dUZc01mU

<type 'dict'>
@ashleigh_craw not financial problems

<type 'dict'>
/      http://t.co/jpUXnNK5iB

<type 'dict'>
Should I go to workkkkkk ?

<type 'dict'>
Homemade potato wedges are DA BOMB

<type 'dict'>
Cuanto enfermo

<type 'dict'>
Que linda noche !!

<type 'dict'>
@Satanihalsen Mehehe 

<type 'dict'>
# # # # # # # The Surreal Adventures of Dr. Mingus  http://t.co/9vPjfBDn49

<type 'dict'>
Woooo today is gonna be a good damn day

<type 'dict'>
Tu vida cambiar cuando t cambies...y pues esto no sucede sentndose a esperar k acontezca

<type 'dict'>
Falador passa mal, rapaz

<type 'dict'>
Sorry I'm bored aha

<type 'dict'>
Que sono

<type 'dict'>
#iran 16  #poland 22 set2 0-1 pol
#irn #pol
#FIVBWorldLeague 
#worldleague 
#irnvspol
@Iranvolleyball @FIVBVolleyball @FIVBWorIdLeague

<type 'dict'>
J't'ai dis Nn idiot

<type 'dict'>
Pucela! #Valladolid #Catedral #Pucela @ Valladolid Cathedral http://t.co/DcDEfBN8Ie

<type 'dict'>
Me cruc a banda de conocidos

<type 'dict'>
#SkilledTrade #Job in #OklahomaCity, OK: Diesel Mechanic/Technician at EMBARK http://t.co/CPTEEI5SSR #Jobs #TweetMyJobs

<type 'dict'>
@EileenLarg o.k. I was kind of kidding

